<?xml version="1.0" encoding="UTF-8"?>
<!-- Generated by org.testng.reporters.JUnitReportReporter -->
<testsuite hostname="uno-30-pc" failures="0" tests="2" name="TestScripts.Holidays" time="11.773" errors="0" timestamp="2025-04-30T17:22:35 IST" skipped="0">
  <testcase classname="TestScripts.Holidays" name="Addholiday" time="7.608"/>
  <testcase classname="TestScripts.Holidays" name="DeleteHoliday" time="4.165"/>
</testsuite> <!-- TestScripts.Holidays -->
