<?xml version="1.0" encoding="UTF-8"?>
<!-- Generated by org.testng.reporters.JUnitReportReporter -->
<testsuite hostname="uno-30-pc" failures="0" tests="2" name="TestScripts.Holidays" time="9.986" errors="0" timestamp="2025-05-02T18:33:45 IST" skipped="0">
  <testcase classname="TestScripts.Holidays" name="Addholiday" time="5.987"/>
  <testcase classname="TestScripts.Holidays" name="DeleteHoliday" time="3.999"/>
</testsuite> <!-- TestScripts.Holidays -->
