<?xml version="1.0" encoding="UTF-8"?>
<!-- Generated by org.testng.reporters.JUnitReportReporter -->
<testsuite hostname="uno-30-pc" failures="0" tests="2" name="trail.trail2" time="0.004" errors="0" timestamp="2025-04-29T14:26:05 IST" skipped="0">
  <testcase classname="trail.trail2" name="testDemo" time="0.002"/>
  <testcase classname="trail.trail2" name="testDemo2" time="0.002"/>
</testsuite> <!-- trail.trail2 -->
