<?xml version="1.0" encoding="UTF-8"?>
<!-- Generated by org.testng.reporters.JUnitReportReporter -->
<testsuite hostname="uno-30-pc" failures="0" tests="2" name="trail.trail" time="0.007" errors="0" timestamp="2025-04-29T14:27:58 IST" skipped="0">
  <testcase classname="trail.trail" name="testDemo" time="0.006"/>
  <testcase classname="trail.trail" name="testDemo2" time="0.001"/>
</testsuite> <!-- trail.trail -->
